<?xml version="1.0" encoding="UTF-8"?>
<!-- Generated by org.testng.reporters.JUnitXMLReporter -->
<testsuite ignored="0" hostname="LAPTOP-B6MQFRDE" failures="0" tests="1" name="Test-Runner2" time="19.893" errors="0" timestamp="2022-11-25T07:04:38 EST">
  <testcase classname="testNG.CreateOrginizationUsingBaseClass" name="CreateOrganization" time="11.13"/>
</testsuite> <!-- Test-Runner2 -->
