<?xml version="1.0" encoding="UTF-8"?>
<!-- Generated by org.testng.reporters.JUnitXMLReporter -->
<testsuite ignored="0" hostname="LAPTOP-B6MQFRDE" failures="0" tests="1" name="Test-Runner1" time="31.993" errors="0" timestamp="2022-11-25T07:04:50 EST">
  <testcase classname="testNG.CreateContactUsingBaseClass" name="CreateContactWithOrganization" time="23.689"/>
</testsuite> <!-- Test-Runner1 -->
