<?xml version="1.0" encoding="UTF-8"?>
<!-- Generated by org.testng.reporters.JUnitReportReporter -->
<testsuite hostname="LAPTOP-B6MQFRDE" failures="0" tests="1" name="testNG.listerner1" time="11.592" errors="0" timestamp="2022-12-01T15:28:07 EST" skipped="0">
  <testcase classname="testNG.listerner1" name="demo1" time="11.592"/>
  <system-out/>
</testsuite> <!-- testNG.listerner1 -->
