<?xml version="1.0" encoding="UTF-8"?>
<!-- Generated by org.testng.reporters.JUnitReportReporter -->
<testsuite hostname="LAPTOP-B6MQFRDE" failures="0" tests="1" name="testNG.assetionCreateContact" time="34.990" errors="0" timestamp="2022-12-05T12:23:40 EST" skipped="0">
  <testcase classname="testNG.assetionCreateContact" name="CreateContactWithOrganization" time="34.990"/>
  <system-out/>
</testsuite> <!-- testNG.assetionCreateContact -->
