<?xml version="1.0" encoding="UTF-8"?>
<!-- Generated by org.testng.reporters.JUnitReportReporter -->
<testsuite hostname="LAPTOP-B6MQFRDE" failures="0" tests="2" name="testNG.CreateOrginizationUsingBaseClass" time="29.325" errors="0" timestamp="2022-11-27T08:27:33 EST" skipped="0">
  <testcase classname="testNG.CreateOrginizationUsingBaseClass" name="CreateOrganization" time="18.383"/>
  <system-out/>
  <testcase classname="testNG.CreateOrginizationUsingBaseClass" name="demo" time="10.942"/>
  <system-out/>
</testsuite> <!-- testNG.CreateOrginizationUsingBaseClass -->
