<?xml version="1.0" encoding="UTF-8"?>
<!-- Generated by org.testng.reporters.JUnitReportReporter -->
<testsuite hostname="LAPTOP-B6MQFRDE" failures="0" tests="3" name="testNG.tester2Test" time="0.009" errors="0" timestamp="2022-11-21T07:18:38 EST" skipped="0">
  <testcase classname="testNG.tester2Test" name="updateCustomer" time="0.007"/>
  <system-out/>
  <testcase classname="testNG.tester2Test" name="deleteCustomer" time="0.001"/>
  <system-out/>
  <testcase classname="testNG.tester2Test" name="createCustomer" time="0.001"/>
  <system-out/>
</testsuite> <!-- testNG.tester2Test -->
