<?xml version="1.0" encoding="UTF-8"?>
<!-- Generated by org.testng.reporters.JUnitReportReporter -->
<testsuite hostname="LAPTOP-B6MQFRDE" failures="0" tests="2" name="testNG.Assigment_1" time="0.007" errors="0" timestamp="2022-11-23T07:24:05 EST" skipped="0">
  <testcase classname="testNG.Assigment_1" name="test" time="0.002"/>
  <system-out/>
  <testcase classname="testNG.Assigment_1" name="mest" time="0.005"/>
  <system-out/>
</testsuite> <!-- testNG.Assigment_1 -->
