<?xml version="1.0" encoding="UTF-8"?>
<!-- Generated by org.testng.reporters.JUnitReportReporter -->
<testsuite hostname="LAPTOP-B6MQFRDE" failures="0" tests="1" name="testNG.BaseClassPractice" time="0.006" errors="0" timestamp="2022-11-23T07:22:44 EST" skipped="0">
  <testcase classname="testNG.BaseClassPractice" name="test" time="0.006"/>
  <system-out/>
</testsuite> <!-- testNG.BaseClassPractice -->
