<?xml version="1.0" encoding="UTF-8"?>
<!-- Generated by org.testng.reporters.JUnitReportReporter -->
<testsuite hostname="LAPTOP-B6MQFRDE" failures="0" tests="2" name="testNG.CreateContactUsingBaseClass" time="66.480" errors="0" timestamp="2022-12-01T18:20:01 EST" skipped="0">
  <testcase classname="testNG.CreateContactUsingBaseClass" name="demoSmoke" time="15.684"/>
  <system-out/>
  <testcase classname="testNG.CreateContactUsingBaseClass" name="CreateContactWithOrganization" time="50.796"/>
  <system-out/>
</testsuite> <!-- testNG.CreateContactUsingBaseClass -->
