<?xml version="1.0" encoding="UTF-8"?>
<!-- Generated by org.testng.reporters.JUnitReportReporter -->
<testsuite hostname="LAPTOP-B6MQFRDE" failures="0" tests="3" name="testNG.tester4Test" time="0.010" errors="0" timestamp="2022-11-21T07:21:58 EST" skipped="0">
  <testcase classname="testNG.tester4Test" name="updateCustomer" time="0.001"/>
  <system-out/>
  <testcase classname="testNG.tester4Test" name="deleteCustomer" time="0.001"/>
  <system-out/>
  <testcase classname="testNG.tester4Test" name="createCustomer" time="0.008"/>
  <system-out/>
</testsuite> <!-- testNG.tester4Test -->
