<?xml version="1.0" encoding="UTF-8"?>
<!-- Generated by org.testng.reporters.JUnitReportReporter -->
<testsuite hostname="LAPTOP-B6MQFRDE" failures="0" tests="3" name="testNG.tester1" time="0.011" errors="0" timestamp="2022-11-21T06:31:46 EST" skipped="0">
  <testcase classname="testNG.tester1" name="createCustomer" time="0.009"/>
  <system-out/>
  <testcase classname="testNG.tester1" name="deleteCustomer" time="0.001"/>
  <system-out/>
  <testcase classname="testNG.tester1" name="updateCustomer" time="0.001"/>
  <system-out/>
</testsuite> <!-- testNG.tester1 -->
