<?xml version="1.0" encoding="UTF-8"?>
<!-- Generated by org.testng.reporters.JUnitReportReporter -->
<testsuite hostname="LAPTOP-B6MQFRDE" failures="0" tests="1" name="testNG.ReadDataFromPro" time="0.009" errors="0" timestamp="2022-12-22T06:10:21 EST" skipped="0">
  <testcase classname="testNG.ReadDataFromPro" name="readData" time="0.009"/>
  <system-out/>
</testsuite> <!-- testNG.ReadDataFromPro -->
