<?xml version="1.0" encoding="UTF-8"?>
<!-- Generated by org.testng.reporters.JUnitReportReporter -->
<testsuite hostname="LAPTOP-B6MQFRDE" failures="0" tests="1" name="testNG.assertionPractice" time="0.012" errors="0" timestamp="2022-11-29T06:06:36 EST" skipped="0">
  <testcase classname="testNG.assertionPractice" name="assertPractice" time="0.012"/>
  <system-out/>
</testsuite> <!-- testNG.assertionPractice -->
