<?xml version="1.0" encoding="UTF-8"?>
<!-- Generated by org.testng.reporters.JUnitReportReporter -->
<testsuite hostname="LAPTOP-B6MQFRDE" failures="0" tests="1" name="testNG.CreateOrganizationWithDataProvider" time="0.000" errors="0" timestamp="2022-11-23T07:57:22 EST" skipped="1">
  <testcase classname="testNG.CreateOrganizationWithDataProvider" name="createOrganization" time="0.000">
    <skipped/>
  </testcase> <!-- createOrganization -->
  <system-out/>
</testsuite> <!-- testNG.CreateOrganizationWithDataProvider -->
