<?xml version="1.0" encoding="UTF-8"?>
<!-- Generated by org.testng.reporters.JUnitReportReporter -->
<testsuite hostname="LAPTOP-B6MQFRDE" failures="0" tests="4" name="testNG.testerTest" time="0.012" errors="0" timestamp="2022-11-21T07:19:32 EST" skipped="0">
  <testcase classname="testNG.testerTest" name="deleteCustomer" time="0.008"/>
  <system-out/>
  <testcase classname="testNG.testerTest" name="updateCustomer" time="0.002"/>
  <system-out/>
  <testcase classname="testNG.testerTest" name="createCustomer" time="0.001"/>
  <system-out/>
  <testcase classname="testNG.testerTest" name="createCustomer" time="0.001"/>
  <system-out/>
</testsuite> <!-- testNG.testerTest -->
