<?xml version="1.0" encoding="UTF-8"?>
<!-- Generated by org.testng.reporters.JUnitReportReporter -->
<testsuite hostname="LAPTOP-B6MQFRDE" failures="0" tests="3" name="testNG.tester6" time="0.009" errors="0" timestamp="2022-11-21T07:28:01 EST" skipped="2">
  <testcase classname="testNG.tester6" name="createCustomer" time="0.009"/>
  <system-out/>
  <testcase classname="testNG.tester6" name="deleteCustomer">
    <skipped/>
  </testcase> <!-- deleteCustomer -->
  <system-out/>
  <testcase classname="testNG.tester6" name="updateCustomer">
    <skipped/>
  </testcase> <!-- updateCustomer -->
  <system-out/>
</testsuite> <!-- testNG.tester6 -->
